ninja: Entering directory `/home/xc/space1/android_projs/CameraPreview/app/.cxx/Debug/6x22386p/armeabi-v7a'
[1/3] Building CXX object CMakeFiles/native-lib.dir/yolo_tracker.cpp.o
FAILED: CMakeFiles/native-lib.dir/yolo_tracker.cpp.o 
/home/xc/Android/Sdk/ndk/21.4.7075529/toolchains/llvm/prebuilt/linux-x86_64/bin/clang++ --target=armv7-none-linux-androideabi26 --gcc-toolchain=/home/xc/Android/Sdk/ndk/21.4.7075529/toolchains/llvm/prebuilt/linux-x86_64 --sysroot=/home/xc/Android/Sdk/ndk/21.4.7075529/toolchains/llvm/prebuilt/linux-x86_64/sysroot -Dnative_lib_EXPORTS -isystem /home/xc/space1/Downloads/ncnn-20210525-android-vulkan/armeabi-v7a/include/ncnn -g -DANDROID -fdata-sections -ffunction-sections -funwind-tables -fstack-protector-strong -no-canonical-prefixes -D_FORTIFY_SOURCE=2 -march=armv7-a -mthumb -Wformat -Werror=format-security   -O0 -fno-limit-debug-info  -fPIC -fno-rtti -fno-exceptions -pthread -MD -MT CMakeFiles/native-lib.dir/yolo_tracker.cpp.o -MF CMakeFiles/native-lib.dir/yolo_tracker.cpp.o.d -o CMakeFiles/native-lib.dir/yolo_tracker.cpp.o -c /home/xc/space1/android_projs/CameraPreview/app/src/main/cpp/yolo_tracker.cpp
In file included from /home/xc/space1/android_projs/CameraPreview/app/src/main/cpp/yolo_tracker.cpp:4:
/home/xc/space1/android_projs/CameraPreview/app/src/main/cpp/yolo_tracker.h:9:10: fatal error: 'opencv2/opencv.hpp' file not found
#include <opencv2/opencv.hpp>
         ^~~~~~~~~~~~~~~~~~~~
1 error generated.
[2/3] Building CXX object CMakeFiles/native-lib.dir/native-lib.cpp.o
FAILED: CMakeFiles/native-lib.dir/native-lib.cpp.o 
/home/xc/Android/Sdk/ndk/21.4.7075529/toolchains/llvm/prebuilt/linux-x86_64/bin/clang++ --target=armv7-none-linux-androideabi26 --gcc-toolchain=/home/xc/Android/Sdk/ndk/21.4.7075529/toolchains/llvm/prebuilt/linux-x86_64 --sysroot=/home/xc/Android/Sdk/ndk/21.4.7075529/toolchains/llvm/prebuilt/linux-x86_64/sysroot -Dnative_lib_EXPORTS -isystem /home/xc/space1/Downloads/ncnn-20210525-android-vulkan/armeabi-v7a/include/ncnn -g -DANDROID -fdata-sections -ffunction-sections -funwind-tables -fstack-protector-strong -no-canonical-prefixes -D_FORTIFY_SOURCE=2 -march=armv7-a -mthumb -Wformat -Werror=format-security   -O0 -fno-limit-debug-info  -fPIC -fno-rtti -fno-exceptions -pthread -MD -MT CMakeFiles/native-lib.dir/native-lib.cpp.o -MF CMakeFiles/native-lib.dir/native-lib.cpp.o.d -o CMakeFiles/native-lib.dir/native-lib.cpp.o -c /home/xc/space1/android_projs/CameraPreview/app/src/main/cpp/native-lib.cpp
/home/xc/space1/android_projs/CameraPreview/app/src/main/cpp/native-lib.cpp:2:10: fatal error: 'opencv2/opencv.hpp' file not found
#include <opencv2/opencv.hpp>
         ^~~~~~~~~~~~~~~~~~~~
1 error generated.
ninja: build stopped: subcommand failed.
